<?xml version="1.0" encoding="UTF-8"?>
<!-- Generated by org.testng.reporters.JUnitXMLReporter -->
<testsuite ignored="1" hostname="meldas-MBP.local.tld" failures="1" tests="9" name="Command line test" time="59.357" errors="0" timestamp="2022-05-28T11:05:40 CDT">
  <testcase classname="scripts._03_EtsyTest" name="testEtsyLogo" time="1.839"/>
  <testcase classname="scripts._03_EtsyTest" name="testEtsySearch" time="2.064"/>
  <testcase classname="scripts._03_EtsyTest" name="testEtsySearchResult" time="4.09"/>
  <testcase classname="scripts._03_EtsyTest" name="testMainHeader" time="2.004">
    <failure type="java.lang.AssertionError" message="expected [Father&amp;apos;s Day Gifts] but found [Shop Home Sales!]">
      <![CDATA[java.lang.AssertionError: expected [Father's Day Gifts] but found [Shop Home Sales!]
at scripts._03_EtsyTest.testMainHeader(_03_EtsyTest.java:90)
at java.base/java.util.ArrayList.forEach(ArrayList.java:1511)
... Removed 38 stack frames]]>
    </failure>
  </testcase> <!-- testMainHeader -->
  <testcase classname="scripts._04_GoogleSearchTest" name="testGoogleSearch" time="2.921"/>
  <testcase classname="scripts._02_TechGlobalTest" name="testApplicationFormHeading" time="0.559"/>
  <testcase classname="scripts.Automation_Practice_01Test" name="registerUser" time="2.208"/>
  <testcase classname="scripts._01_AppleTest" name="testAppleTitle" time="1.08"/>
  <testcase classname="scripts._01_AppleTest" name="testAppleURL" time="0.685"/>
  <testcase classname="scripts._01_AppleTest" name="X" time="0.0">
    <ignored/>
  </testcase> <!-- X -->
</testsuite> <!-- Command line test -->
