<?xml version="1.0" encoding="UTF-8"?>
<!-- Generated by org.testng.reporters.JUnitXMLReporter -->
<testsuite ignored="4" hostname="meldas-MacBook-Pro.local" failures="0" tests="6" name="Critical Functionalities" time="42.126" errors="0" timestamp="2022-05-29T18:40:57 CDT">
  <testcase classname="scripts._01_AppleTest" name="testAppleTitle" time="0.867"/>
  <testcase classname="scripts._02_TechGlobalTest" name="testApplicationFormHeading" time="0.826"/>
  <testcase classname="scripts._04_GoogleSearchTest" name="testGoogleSearch" time="3.082"/>
  <testcase classname="scripts._03_EtsyTest" name="testEtsyLogo" time="1.945"/>
  <testcase classname="scripts._03_EtsyTest" name="testEtsySearch" time="2.196"/>
  <testcase classname="scripts._03_EtsyTest" name="testEtsySearchResult" time="4.643"/>
  <testcase classname="scripts._01_AppleTest" name="testAppleURL" time="0.0">
    <ignored/>
  </testcase> <!-- testAppleURL -->
  <testcase classname="scripts._04_GoogleSearchTest" name="testGoogleStoreLink" time="0.0">
    <ignored/>
  </testcase> <!-- testGoogleStoreLink -->
  <testcase classname="scripts._01_AppleTest" name="X" time="0.0">
    <ignored/>
  </testcase> <!-- X -->
  <testcase classname="scripts._03_EtsyTest" name="testMainHeader" time="0.0">
    <ignored/>
  </testcase> <!-- testMainHeader -->
</testsuite> <!-- Critical Functionalities -->
