<?xml version="1.0" encoding="UTF-8"?>
<!-- Generated by org.testng.reporters.JUnitXMLReporter -->
<testsuite hostname="meldas-MacBook-Pro.local" ignored="4" name="Critical Functionalities" tests="6" failures="0" timestamp="2022-06-11T14:35:46 CDT" time="42.818" errors="0">
  <testcase name="testAppleTitle" time="1.117" classname="scripts._01_AppleTest"/>
  <testcase name="testApplicationFormHeading" time="1.164" classname="scripts._02_TechGlobalTest"/>
  <testcase name="testGoogleSearch" time="3.778" classname="scripts._04_GoogleSearchTest"/>
  <testcase name="testEtsyLogo" time="1.935" classname="scripts._03_EtsyTest"/>
  <testcase name="testEtsySearch" time="1.917" classname="scripts._03_EtsyTest"/>
  <testcase name="testEtsySearchResult" time="4.133" classname="scripts._03_EtsyTest"/>
  <testcase name="testAppleURL" time="0.0" classname="scripts._01_AppleTest">
    <ignored/>
  </testcase> <!-- testAppleURL -->
  <testcase name="testGoogleStoreLink" time="0.0" classname="scripts._04_GoogleSearchTest">
    <ignored/>
  </testcase> <!-- testGoogleStoreLink -->
  <testcase name="X" time="0.0" classname="scripts._01_AppleTest">
    <ignored/>
  </testcase> <!-- X -->
  <testcase name="testMainHeader" time="0.0" classname="scripts._03_EtsyTest">
    <ignored/>
  </testcase> <!-- testMainHeader -->
</testsuite> <!-- Critical Functionalities -->
