<?xml version="1.0" encoding="UTF-8"?>
<testng-results ignored="0" total="7" passed="6" failed="1" skipped="0">
  <reporter-output>
  </reporter-output>
  <suite started-at="2022-05-22T13:15:29 CDT" name="Command line suite" finished-at="2022-05-22T13:16:10 CDT" duration-ms="40405">
    <groups>
    </groups>
    <test started-at="2022-05-22T13:15:29 CDT" name="Command line test" finished-at="2022-05-22T13:16:10 CDT" duration-ms="40405">
      <class name="scripts._03_EtsyTest">
        <test-method is-config="true" signature="setup()[pri:0, instance:scripts._03_EtsyTest@5ed828d]" started-at="2022-05-22T13:15:29 CDT" name="setup" finished-at="2022-05-22T13:15:31 CDT" duration-ms="1690" status="PASS">
          <reporter-output>
          </reporter-output>
        </test-method> <!-- setup -->
        <test-method signature="searchButton()[pri:0, instance:scripts._03_EtsyTest@5ed828d]" started-at="2022-05-22T13:15:31 CDT" name="searchButton" finished-at="2022-05-22T13:15:33 CDT" duration-ms="2403" status="PASS">
          <reporter-output>
          </reporter-output>
        </test-method> <!-- searchButton -->
        <test-method is-config="true" signature="teardown()[pri:0, instance:scripts._03_EtsyTest@5ed828d]" started-at="2022-05-22T13:15:33 CDT" name="teardown" finished-at="2022-05-22T13:15:36 CDT" duration-ms="3145" status="PASS">
          <reporter-output>
          </reporter-output>
        </test-method> <!-- teardown -->
        <test-method is-config="true" signature="setup()[pri:0, instance:scripts._03_EtsyTest@5ed828d]" started-at="2022-05-22T13:15:36 CDT" name="setup" finished-at="2022-05-22T13:15:37 CDT" duration-ms="897" status="PASS">
          <reporter-output>
          </reporter-output>
        </test-method> <!-- setup -->
        <test-method signature="testEtsyLogo()[pri:0, instance:scripts._03_EtsyTest@5ed828d]" started-at="2022-05-22T13:15:37 CDT" name="testEtsyLogo" finished-at="2022-05-22T13:15:39 CDT" duration-ms="2154" status="PASS">
          <reporter-output>
          </reporter-output>
        </test-method> <!-- testEtsyLogo -->
        <test-method is-config="true" signature="teardown()[pri:0, instance:scripts._03_EtsyTest@5ed828d]" started-at="2022-05-22T13:15:39 CDT" name="teardown" finished-at="2022-05-22T13:15:43 CDT" duration-ms="3350" status="PASS">
          <reporter-output>
          </reporter-output>
        </test-method> <!-- teardown -->
        <test-method is-config="true" signature="setup()[pri:0, instance:scripts._03_EtsyTest@5ed828d]" started-at="2022-05-22T13:15:43 CDT" name="setup" finished-at="2022-05-22T13:15:44 CDT" duration-ms="996" status="PASS">
          <reporter-output>
          </reporter-output>
        </test-method> <!-- setup -->
        <test-method signature="testInputBox()[pri:0, instance:scripts._03_EtsyTest@5ed828d]" started-at="2022-05-22T13:15:44 CDT" name="testInputBox" finished-at="2022-05-22T13:15:46 CDT" duration-ms="1955" status="PASS">
          <reporter-output>
          </reporter-output>
        </test-method> <!-- testInputBox -->
        <test-method is-config="true" signature="teardown()[pri:0, instance:scripts._03_EtsyTest@5ed828d]" started-at="2022-05-22T13:15:46 CDT" name="teardown" finished-at="2022-05-22T13:15:49 CDT" duration-ms="3350" status="PASS">
          <reporter-output>
          </reporter-output>
        </test-method> <!-- teardown -->
      </class> <!-- scripts._03_EtsyTest -->
      <class name="scripts._02_TechGlobalTest">
        <test-method is-config="true" signature="setup()[pri:0, instance:scripts._02_TechGlobalTest@50d0686]" started-at="2022-05-22T13:15:49 CDT" name="setup" finished-at="2022-05-22T13:15:50 CDT" duration-ms="944" status="PASS">
          <reporter-output>
          </reporter-output>
        </test-method> <!-- setup -->
        <test-method signature="testApplicationFormHeading()[pri:0, instance:scripts._02_TechGlobalTest@50d0686]" started-at="2022-05-22T13:15:50 CDT" name="testApplicationFormHeading" finished-at="2022-05-22T13:15:51 CDT" duration-ms="954" status="PASS">
          <reporter-output>
          </reporter-output>
        </test-method> <!-- testApplicationFormHeading -->
        <test-method is-config="true" signature="teardown()[pri:0, instance:scripts._02_TechGlobalTest@50d0686]" started-at="2022-05-22T13:15:51 CDT" name="teardown" finished-at="2022-05-22T13:15:54 CDT" duration-ms="3345" status="PASS">
          <reporter-output>
          </reporter-output>
        </test-method> <!-- teardown -->
      </class> <!-- scripts._02_TechGlobalTest -->
      <class name="scripts._01_AppleTest">
        <test-method is-config="true" signature="setup()[pri:0, instance:scripts._01_AppleTest@7a3d45bd]" started-at="2022-05-22T13:15:54 CDT" name="setup" finished-at="2022-05-22T13:15:55 CDT" duration-ms="999" status="PASS">
          <reporter-output>
          </reporter-output>
        </test-method> <!-- setup -->
        <test-method signature="X()[pri:0, instance:scripts._01_AppleTest@7a3d45bd]" started-at="2022-05-22T13:15:55 CDT" name="X" finished-at="2022-05-22T13:15:55 CDT" duration-ms="1" status="FAIL">
          <exception class="java.lang.AssertionError">
            <message>
              <![CDATA[Failure on purpose]]>
            </message>
            <full-stacktrace>
              <![CDATA[java.lang.AssertionError: Failure on purpose
at org.testng.Assert.fail(Assert.java:97)
at scripts._01_AppleTest.X(_01_AppleTest.java:44)
at java.base/jdk.internal.reflect.DirectMethodHandleAccessor.invoke(DirectMethodHandleAccessor.java:104)
at java.base/java.lang.reflect.Method.invoke(Method.java:577)
at org.testng.internal.MethodInvocationHelper.invokeMethod(MethodInvocationHelper.java:134)
at org.testng.internal.TestInvoker.invokeMethod(TestInvoker.java:597)
at org.testng.internal.TestInvoker.invokeTestMethod(TestInvoker.java:173)
at org.testng.internal.MethodRunner.runInSequence(MethodRunner.java:46)
at org.testng.internal.TestInvoker$MethodInvocationAgent.invoke(TestInvoker.java:816)
at org.testng.internal.TestInvoker.invokeTestMethods(TestInvoker.java:146)
at org.testng.internal.TestMethodWorker.invokeTestMethods(TestMethodWorker.java:146)
at org.testng.internal.TestMethodWorker.run(TestMethodWorker.java:128)
at java.base/java.util.ArrayList.forEach(ArrayList.java:1511)
at org.testng.TestRunner.privateRun(TestRunner.java:766)
at org.testng.TestRunner.run(TestRunner.java:587)
at org.testng.SuiteRunner.runTest(SuiteRunner.java:384)
at org.testng.SuiteRunner.runSequentially(SuiteRunner.java:378)
at org.testng.SuiteRunner.privateRun(SuiteRunner.java:337)
at org.testng.SuiteRunner.run(SuiteRunner.java:286)
at org.testng.SuiteRunnerWorker.runSuite(SuiteRunnerWorker.java:53)
at org.testng.SuiteRunnerWorker.run(SuiteRunnerWorker.java:96)
at org.testng.TestNG.runSuitesSequentially(TestNG.java:1187)
at org.testng.TestNG.runSuitesLocally(TestNG.java:1109)
at org.testng.TestNG.runSuites(TestNG.java:1039)
at org.testng.TestNG.run(TestNG.java:1007)
at org.apache.maven.surefire.testng.TestNGExecutor.run(TestNGExecutor.java:77)
at org.apache.maven.surefire.testng.TestNGDirectoryTestSuite.executeMulti(TestNGDirectoryTestSuite.java:159)
at org.apache.maven.surefire.testng.TestNGDirectoryTestSuite.execute(TestNGDirectoryTestSuite.java:99)
at org.apache.maven.surefire.testng.TestNGProvider.invoke(TestNGProvider.java:106)
at java.base/jdk.internal.reflect.DirectMethodHandleAccessor.invoke(DirectMethodHandleAccessor.java:104)
at java.base/java.lang.reflect.Method.invoke(Method.java:577)
at org.apache.maven.surefire.util.ReflectionUtils.invokeMethodWithArray(ReflectionUtils.java:189)
at org.apache.maven.surefire.booter.ProviderFactory$ProviderProxy.invoke(ProviderFactory.java:165)
at org.apache.maven.surefire.booter.ProviderFactory.invokeProvider(ProviderFactory.java:85)
at org.apache.maven.surefire.booter.ForkedBooter.runSuitesInProcess(ForkedBooter.java:115)
at org.apache.maven.surefire.booter.ForkedBooter.main(ForkedBooter.java:75)
]]>
            </full-stacktrace>
          </exception> <!-- java.lang.AssertionError -->
          <reporter-output>
          </reporter-output>
        </test-method> <!-- X -->
        <test-method is-config="true" signature="teardown()[pri:0, instance:scripts._01_AppleTest@7a3d45bd]" started-at="2022-05-22T13:15:55 CDT" name="teardown" finished-at="2022-05-22T13:15:59 CDT" duration-ms="3351" status="PASS">
          <reporter-output>
          </reporter-output>
        </test-method> <!-- teardown -->
        <test-method is-config="true" signature="setup()[pri:0, instance:scripts._01_AppleTest@7a3d45bd]" started-at="2022-05-22T13:15:59 CDT" name="setup" finished-at="2022-05-22T13:16:00 CDT" duration-ms="896" status="PASS">
          <reporter-output>
          </reporter-output>
        </test-method> <!-- setup -->
        <test-method signature="testAppleTitle()[pri:0, instance:scripts._01_AppleTest@7a3d45bd]" started-at="2022-05-22T13:16:00 CDT" name="testAppleTitle" finished-at="2022-05-22T13:16:01 CDT" duration-ms="1151" status="PASS">
          <reporter-output>
          </reporter-output>
        </test-method> <!-- testAppleTitle -->
        <test-method is-config="true" signature="teardown()[pri:0, instance:scripts._01_AppleTest@7a3d45bd]" started-at="2022-05-22T13:16:01 CDT" name="teardown" finished-at="2022-05-22T13:16:04 CDT" duration-ms="3354" status="PASS">
          <reporter-output>
          </reporter-output>
        </test-method> <!-- teardown -->
        <test-method is-config="true" signature="setup()[pri:0, instance:scripts._01_AppleTest@7a3d45bd]" started-at="2022-05-22T13:16:04 CDT" name="setup" finished-at="2022-05-22T13:16:05 CDT" duration-ms="994" status="PASS">
          <reporter-output>
          </reporter-output>
        </test-method> <!-- setup -->
        <test-method signature="testAppleURL()[pri:0, instance:scripts._01_AppleTest@7a3d45bd]" started-at="2022-05-22T13:16:05 CDT" name="testAppleURL" finished-at="2022-05-22T13:16:06 CDT" duration-ms="1099" status="PASS">
          <reporter-output>
          </reporter-output>
        </test-method> <!-- testAppleURL -->
        <test-method is-config="true" signature="teardown()[pri:0, instance:scripts._01_AppleTest@7a3d45bd]" started-at="2022-05-22T13:16:06 CDT" name="teardown" finished-at="2022-05-22T13:16:10 CDT" duration-ms="3351" status="PASS">
          <reporter-output>
          </reporter-output>
        </test-method> <!-- teardown -->
      </class> <!-- scripts._01_AppleTest -->
    </test> <!-- Command line test -->
  </suite> <!-- Command line suite -->
</testng-results>
