<?xml version="1.0" encoding="UTF-8" ?>
<testsuite tests="6" failures="1" name="TestSuite" time="11.495" errors="0" skipped="0">
  <properties>
[...]
</properties>
  <testcase classname="scripts._03_EtsyTest" name="testEtsyLogo" time="2.805"/>
  <testcase classname="scripts._03_EtsyTest" name="testEtsySearch" time="2.004"/>
  <testcase classname="scripts._03_EtsyTest" name="testEtsySearchResult" time="3.484">
    <failure message="
Build info: version: &apos;3.141.59&apos;, revision: &apos;e82be7d358&apos;, time: &apos;2018-11-14T08:17:03&apos;
System info: host: &apos;meldas-MacBook-Pro.local&apos;, ip: &apos;fd4d:b131:412c:1:1c55:2def:8398:be73%en0&apos;, os.name: &apos;Mac OS X&apos;, os.arch: &apos;x86_64&apos;, os.version: &apos;11.6&apos;, java.version: &apos;18.0.1&apos;
Driver info: org.openqa.selenium.safari.SafariDriver
Capabilities {acceptInsecureCerts: false, browserName: Safari, browserVersion: 15.4, javascriptEnabled: true, platform: MAC, platformName: MAC, safari:automaticInspection: false, safari:automaticProfiling: false, safari:diagnose: false, safari:platformBuildVersion: 20G165, safari:platformVersion: 11.6, safari:useSimulator: false, setWindowRect: true, strictFileInteractability: false, webkit:WebRTC: {DisableICECandidateFiltering: false, DisableInsecureMediaCapture: false}}
Session ID: 25CC964A-E148-47FC-8206-3F7DD2B28176
*** Element info: {Using=css selector, value=.wt-display-inline-flex-sm&gt;span}" type="org.openqa.selenium.NoSuchFrameException">org.openqa.selenium.NoSuchFrameException: 
Build info: version: &apos;3.141.59&apos;, revision: &apos;e82be7d358&apos;, time: &apos;2018-11-14T08:17:03&apos;
System info: host: &apos;meldas-MacBook-Pro.local&apos;, ip: &apos;fd4d:b131:412c:1:1c55:2def:8398:be73%en0&apos;, os.name: &apos;Mac OS X&apos;, os.arch: &apos;x86_64&apos;, os.version: &apos;11.6&apos;, java.version: &apos;18.0.1&apos;
Driver info: org.openqa.selenium.safari.SafariDriver
Capabilities {acceptInsecureCerts: false, browserName: Safari, browserVersion: 15.4, javascriptEnabled: true, platform: MAC, platformName: MAC, safari:automaticInspection: false, safari:automaticProfiling: false, safari:diagnose: false, safari:platformBuildVersion: 20G165, safari:platformVersion: 11.6, safari:useSimulator: false, setWindowRect: true, strictFileInteractability: false, webkit:WebRTC: {DisableICECandidateFiltering: false, DisableInsecureMediaCapture: false}}
Session ID: 25CC964A-E148-47FC-8206-3F7DD2B28176
*** Element info: {Using=css selector, value=.wt-display-inline-flex-sm&gt;span}
	at java.base/jdk.internal.reflect.DirectConstructorHandleAccessor.newInstance(DirectConstructorHandleAccessor.java:67)
	at java.base/java.lang.reflect.Constructor.newInstanceWithCaller(Constructor.java:499)
	at java.base/java.lang.reflect.Constructor.newInstance(Constructor.java:483)
	at org.openqa.selenium.remote.http.W3CHttpResponseCodec.createException(W3CHttpResponseCodec.java:187)
	at org.openqa.selenium.remote.http.W3CHttpResponseCodec.decode(W3CHttpResponseCodec.java:122)
	at org.openqa.selenium.remote.http.W3CHttpResponseCodec.decode(W3CHttpResponseCodec.java:49)
	at org.openqa.selenium.remote.HttpCommandExecutor.execute(HttpCommandExecutor.java:158)
	at org.openqa.selenium.remote.service.DriverCommandExecutor.execute(DriverCommandExecutor.java:83)
	at org.openqa.selenium.remote.RemoteWebDriver.execute(RemoteWebDriver.java:552)
	at org.openqa.selenium.remote.RemoteWebDriver.findElement(RemoteWebDriver.java:323)
	at org.openqa.selenium.remote.RemoteWebDriver.findElementByCssSelector(RemoteWebDriver.java:420)
	at org.openqa.selenium.By$ByCssSelector.findElement(By.java:431)
	at org.openqa.selenium.remote.RemoteWebDriver.findElement(RemoteWebDriver.java:315)
	at scripts._03_EtsyTest.testEtsySearchResult(_03_EtsyTest.java:60)
</failure>
    <system-err>May 22, 2022 3:59:01 PM org.openqa.selenium.remote.ProtocolHandshake createSession
INFO: Detected dialect: W3C
</system-err>
  </testcase>
  <testcase classname="scripts._02_TechGlobalTest" name="testApplicationFormHeading" time="0.848"/>
  <testcase classname="scripts._01_AppleTest" name="testAppleTitle" time="1.25"/>
  <testcase classname="scripts._01_AppleTest" name="testAppleURL" time="1.104"/>
</testsuite>